<?xml version="1.0" encoding="UTF-8"?>
<!-- Generated by org.testng.reporters.JUnitReportReporter -->
<testsuite hostname="DESKTOP-F2KGTUH" name="xyzApiTests.PostTestPojo" tests="1" failures="0" timestamp="18 Jun 2020 09:18:38 GMT" time="3.348" errors="0">
  <testcase name="pojoTest" time="3.348" classname="xyzApiTests.PostTestPojo"/>
</testsuite> <!-- xyzApiTests.PostTestPojo -->
