<?xml version="1.0" encoding="UTF-8"?>
<!-- Generated by org.testng.reporters.JUnitReportReporter -->
<testsuite hostname="DESKTOP-F2KGTUH" name="xyzApiTests.POSTTest" tests="1" failures="0" timestamp="18 Jun 2020 09:12:10 GMT" time="4.128" errors="0">
  <testcase name="validpostTest" time="4.128" classname="xyzApiTests.POSTTest"/>
</testsuite> <!-- xyzApiTests.POSTTest -->
