<?xml version="1.0" encoding="UTF-8"?>
<!-- Generated by org.testng.reporters.JUnitReportReporter -->
<testsuite hostname="DESKTOP-F2KGTUH" name="xyzApiTests.GetTests" tests="2" failures="0" timestamp="29 Jun 2020 10:52:43 GMT" time="8.377" errors="0">
  <testcase name="getMultipleUserTest" time="5.259" classname="xyzApiTests.GetTests"/>
  <testcase name="getSingleUserTest" time="3.118" classname="xyzApiTests.GetTests"/>
</testsuite> <!-- xyzApiTests.GetTests -->
